<?xml version="1.0" encoding="UTF-8"?>
<testsuite name="ImpostoTest" tests="5" skipped="0" failures="0" errors="0" timestamp="2023-06-21T00:38:40" hostname="ni-inv4625" time="0.025">
  <properties/>
  <testcase name="testSalario18Percent()" classname="ImpostoTest" time="0.02"/>
  <testcase name="testSalarioIsento()" classname="ImpostoTest" time="0.0"/>
  <testcase name="testSalario28Percent()" classname="ImpostoTest" time="0.001"/>
  <testcase name="testSalario8Percent()" classname="ImpostoTest" time="0.001"/>
  <testcase name="testSalarioInvalido()" classname="ImpostoTest" time="0.001"/>
  <system-out><![CDATA[]]></system-out>
  <system-err><![CDATA[]]></system-err>
</testsuite>
